2023-09-06 20:26:56,062 - EPOCH[0/50] metrics PSNR=7.8079	SSIM=0.1672
2023-09-06 20:33:16,675 - EPOCH[0/50] metrics PSNR=7.8079	SSIM=0.1672
2023-09-06 20:34:28,986 - EPOCH[0/50] metrics PSNR=7.8079	SSIM=0.1672
2023-09-06 20:36:52,329 - EPOCH[0/50] metrics PSNR=7.8079	SSIM=0.1672
2023-09-06 20:43:21,976 - EPOCH[0/50] metrics PSNR=2.6533	SSIM=0.1766
2023-09-06 20:48:53,119 - EPOCH[0/50] metrics PSNR=2.6165	SSIM=0.1790
2023-09-06 20:54:25,539 - EPOCH[0/50] metrics PSNR=2.5961	SSIM=0.1718
2023-09-06 20:59:55,194 - EPOCH[0/50] metrics PSNR=2.6500	SSIM=0.1793
2023-09-06 21:05:24,137 - EPOCH[0/50] metrics PSNR=2.6047	SSIM=0.1745
2023-09-06 21:10:56,814 - EPOCH[0/50] metrics PSNR=2.5823	SSIM=0.1750
2023-09-06 21:16:26,807 - EPOCH[0/50] metrics PSNR=2.5922	SSIM=0.1762
2023-09-06 21:21:57,262 - EPOCH[0/50] metrics PSNR=2.5784	SSIM=0.1779
2023-09-06 21:27:26,880 - EPOCH[0/50] metrics PSNR=2.6075	SSIM=0.1857
2023-09-06 21:32:56,094 - EPOCH[0/50] metrics PSNR=2.6120	SSIM=0.1776
2023-09-06 21:38:28,478 - EPOCH[0/50] metrics PSNR=2.6234	SSIM=0.1802
2023-09-06 21:43:56,851 - EPOCH[0/50] metrics PSNR=2.6334	SSIM=0.1838
2023-09-06 21:49:27,941 - EPOCH[0/50] metrics PSNR=2.6235	SSIM=0.1801
2023-09-06 21:54:57,879 - EPOCH[0/50] metrics PSNR=2.6558	SSIM=0.1688
2023-09-06 22:00:27,701 - EPOCH[0/50] metrics PSNR=2.6286	SSIM=0.1757
2023-09-06 22:05:59,524 - EPOCH[0/50] metrics PSNR=2.5772	SSIM=0.1807
2023-09-06 22:11:29,465 - EPOCH[0/50] metrics PSNR=2.5892	SSIM=0.1752
2023-09-06 22:17:01,275 - EPOCH[0/50] metrics PSNR=2.6081	SSIM=0.1782
2023-09-07 16:46:56,294 - EPOCH[0/50] metrics PSNR=10.3580	SSIM=0.3763
2023-09-07 16:52:31,607 - EPOCH[0/50] metrics PSNR=6.1630	SSIM=0.3728
2023-09-07 16:58:06,364 - EPOCH[0/50] metrics PSNR=8.8841	SSIM=0.4941
2023-09-07 17:03:41,798 - EPOCH[0/50] metrics PSNR=11.1665	SSIM=0.5650
2023-09-07 17:09:16,274 - EPOCH[0/50] metrics PSNR=12.3331	SSIM=0.6010
2023-09-07 17:14:50,587 - EPOCH[0/50] metrics PSNR=10.5401	SSIM=0.5517
2023-09-07 17:20:25,175 - EPOCH[0/50] metrics PSNR=12.8903	SSIM=0.6227
2023-09-07 17:25:57,203 - EPOCH[0/50] metrics PSNR=11.5901	SSIM=0.5826
2023-09-07 17:31:30,375 - EPOCH[0/50] metrics PSNR=13.7763	SSIM=0.6460
2023-09-07 17:37:02,464 - EPOCH[0/50] metrics PSNR=13.4679	SSIM=0.6316
2023-09-07 17:42:34,860 - EPOCH[0/50] metrics PSNR=11.8004	SSIM=0.5915
2023-09-07 17:48:08,828 - EPOCH[0/50] metrics PSNR=13.2281	SSIM=0.6263
2023-09-07 17:53:42,145 - EPOCH[0/50] metrics PSNR=13.9092	SSIM=0.6479
2023-09-07 18:00:58,203 - EPOCH[0/50] metrics PSNR=10.3580	SSIM=0.3763
2023-09-07 18:06:32,599 - EPOCH[0/50] metrics PSNR=3.9118	SSIM=0.1922
2023-09-07 18:12:07,347 - EPOCH[0/50] metrics PSNR=3.9118	SSIM=0.1922
2023-09-07 18:17:40,134 - EPOCH[0/50] metrics PSNR=3.9118	SSIM=0.1922
2023-09-07 18:23:11,063 - EPOCH[0/50] metrics PSNR=3.9118	SSIM=0.1922
2023-09-07 18:28:43,737 - EPOCH[0/50] metrics PSNR=3.9118	SSIM=0.1922
2023-09-07 18:34:16,789 - EPOCH[0/50] metrics PSNR=3.9118	SSIM=0.1922
2023-09-07 18:39:51,746 - EPOCH[0/50] metrics PSNR=3.9118	SSIM=0.1922
2023-09-07 18:45:25,365 - EPOCH[0/50] metrics PSNR=3.9118	SSIM=0.1922
2023-09-07 18:50:55,075 - EPOCH[0/50] metrics PSNR=3.9118	SSIM=0.1922
2023-09-07 18:56:27,265 - EPOCH[0/50] metrics PSNR=3.9118	SSIM=0.1922
2023-09-07 19:02:01,173 - EPOCH[0/50] metrics PSNR=3.9118	SSIM=0.1922
2023-09-07 19:07:34,117 - EPOCH[0/50] metrics PSNR=3.9118	SSIM=0.1922
2023-09-07 19:13:08,172 - EPOCH[0/50] metrics PSNR=3.9118	SSIM=0.1922
2023-09-07 19:18:40,558 - EPOCH[0/50] metrics PSNR=3.9118	SSIM=0.1922
2023-09-07 19:24:11,378 - EPOCH[0/50] metrics PSNR=3.9118	SSIM=0.1922
2023-09-07 19:29:45,449 - EPOCH[0/50] metrics PSNR=3.9118	SSIM=0.1922
2023-09-07 19:35:17,397 - EPOCH[0/50] metrics PSNR=3.9118	SSIM=0.1922
2023-09-07 19:40:51,049 - EPOCH[0/50] metrics PSNR=3.9118	SSIM=0.1922
2023-09-07 19:46:22,856 - EPOCH[0/50] metrics PSNR=3.9118	SSIM=0.1922
2023-09-07 20:22:35,509 - EPOCH[0/50] metrics PSNR=10.3580	SSIM=0.3763
2023-09-07 20:28:12,620 - EPOCH[0/50] metrics PSNR=2.4708	SSIM=0.2575
2023-09-07 20:29:01,271 - initialize network with xavier_uniform
2023-09-07 20:30:57,912 - initialize network with xavier_uniform
2023-09-07 20:31:21,266 - EPOCH[0/50] metrics PSNR=10.1547	SSIM=0.3692
2023-09-07 20:36:50,927 - EPOCH[0/50] metrics PSNR=2.4708	SSIM=0.2575
2023-09-07 20:40:39,227 - initialize network with xavier_uniform
2023-09-07 20:45:59,650 - initialize network with xavier_uniform
2023-09-07 20:46:20,862 - EPOCH[0/50] metrics PSNR=10.1547	SSIM=0.3692
2023-09-07 20:52:39,331 - initialize network with xavier_uniform
2023-09-07 20:52:59,440 - EPOCH[0/50] metrics PSNR=10.1547	SSIM=0.3692
2023-09-07 21:05:16,085 - initialize network with xavier_uniform
2023-09-07 21:05:55,347 - EPOCH[0/50] metrics PSNR=10.1547	SSIM=0.3692
2023-09-07 21:11:20,711 - EPOCH[0/50] metrics PSNR=2.4708	SSIM=0.2575
2023-09-07 21:16:50,982 - EPOCH[0/50] metrics PSNR=2.4708	SSIM=0.2575
2023-09-07 21:22:37,422 - initialize network with xavier_uniform
2023-09-07 21:28:49,584 - initialize network with xavier_uniform
2023-09-07 21:29:09,901 - EPOCH[0/50] metrics PSNR=10.1547	SSIM=0.3692
2023-09-07 21:36:52,681 - EPOCH[0/50] metrics PSNR=2.4708	SSIM=0.2575
2023-09-08 00:12:06,599 - initialize network with xavier_uniform
2023-09-08 00:12:29,413 - EPOCH[0/50] metrics PSNR=10.1626	SSIM=0.3697
2023-09-08 00:18:10,101 - EPOCH[0/50] metrics PSNR=9.8952	SSIM=0.3491
2023-09-08 00:23:47,592 - EPOCH[0/50] metrics PSNR=2.4725	SSIM=0.2573
2023-09-08 00:50:35,264 - initialize network with xavier_uniform
2023-09-08 00:50:58,293 - EPOCH[0/50] metrics PSNR=10.1626	SSIM=0.3697
2023-09-08 00:56:26,492 - EPOCH[0/50] metrics PSNR=9.9504	SSIM=0.3452
2023-09-08 01:02:32,612 - EPOCH[0/50] metrics PSNR=2.4780	SSIM=0.2568
2023-09-08 01:15:32,060 - initialize network with xavier_uniform
2023-09-08 01:15:55,800 - EPOCH[0/50] metrics PSNR=10.1517	SSIM=0.3694
2023-09-08 01:21:22,393 - EPOCH[0/50] metrics PSNR=2.4708	SSIM=0.2575
2023-09-08 14:41:15,552 - initialize network with xavier_uniform
2023-09-08 14:43:47,055 - EPOCH[0/50] metrics PSNR=10.1547	SSIM=0.3692
2023-09-08 15:05:49,744 - initialize network with xavier_uniform
2023-09-08 15:06:46,303 - initialize network with xavier_uniform
2023-09-08 15:07:28,919 - EPOCH[0/50] metrics PSNR=10.1403	SSIM=0.3709
2023-09-08 15:13:14,455 - EPOCH[0/50] metrics PSNR=8.0042	SSIM=0.4082
2023-09-08 15:18:06,137 - EPOCH[0/50] metrics PSNR=9.3656	SSIM=0.4680
2023-09-08 15:23:10,223 - EPOCH[0/50] metrics PSNR=11.5420	SSIM=0.5377
2023-09-08 15:27:59,713 - EPOCH[0/50] metrics PSNR=13.3964	SSIM=0.5904
2023-09-08 15:32:47,832 - EPOCH[0/50] metrics PSNR=16.0571	SSIM=0.6592
2023-09-08 15:37:37,798 - EPOCH[0/50] metrics PSNR=16.3930	SSIM=0.6829
2023-09-08 15:42:25,065 - EPOCH[0/50] metrics PSNR=14.2957	SSIM=0.6320
2023-09-08 15:47:13,932 - EPOCH[0/50] metrics PSNR=16.9469	SSIM=0.6931
2023-09-08 15:51:59,751 - EPOCH[0/50] metrics PSNR=15.7770	SSIM=0.6792
2023-09-08 15:56:46,663 - EPOCH[0/50] metrics PSNR=13.4507	SSIM=0.6196
2023-09-08 16:01:37,760 - EPOCH[0/50] metrics PSNR=16.5198	SSIM=0.6930
2023-09-08 16:06:24,376 - EPOCH[0/50] metrics PSNR=17.6673	SSIM=0.7105
2023-09-08 16:11:14,032 - EPOCH[0/50] metrics PSNR=19.1169	SSIM=0.7937
2023-09-08 16:16:00,759 - EPOCH[0/50] metrics PSNR=14.0661	SSIM=0.6357
2023-09-08 16:20:45,407 - EPOCH[0/50] metrics PSNR=15.9527	SSIM=0.6703
2023-09-08 16:25:34,737 - EPOCH[0/50] metrics PSNR=18.5475	SSIM=0.7422
2023-09-08 16:30:21,663 - EPOCH[0/50] metrics PSNR=20.0745	SSIM=0.7886
2023-09-08 16:35:10,584 - EPOCH[0/50] metrics PSNR=20.5308	SSIM=0.7991
2023-09-08 16:39:57,977 - EPOCH[0/50] metrics PSNR=18.2436	SSIM=0.7237
2023-09-08 16:44:43,491 - EPOCH[0/50] metrics PSNR=15.9926	SSIM=0.7008
2023-09-08 16:49:32,701 - EPOCH[0/50] metrics PSNR=19.6597	SSIM=0.7922
2023-09-08 16:54:17,546 - EPOCH[0/50] metrics PSNR=20.5319	SSIM=0.8042
2023-09-08 16:59:07,515 - EPOCH[0/50] metrics PSNR=19.4143	SSIM=0.7776
2023-09-08 17:03:54,271 - EPOCH[0/50] metrics PSNR=18.9861	SSIM=0.7623
2023-09-08 17:08:41,264 - EPOCH[0/50] metrics PSNR=16.6911	SSIM=0.6939
2023-09-08 17:13:30,664 - EPOCH[0/50] metrics PSNR=11.8697	SSIM=0.6000
2023-09-08 17:18:16,499 - EPOCH[0/50] metrics PSNR=21.2480	SSIM=0.8132
2023-09-08 17:23:05,083 - EPOCH[0/50] metrics PSNR=18.1682	SSIM=0.7260
2023-09-08 17:27:52,994 - EPOCH[0/50] metrics PSNR=19.0081	SSIM=0.7610
2023-09-08 17:32:04,417 - EPOCH[0/50] END Taken 0.0019 min
2023-09-08 22:12:24,386 - EPOCH[0/50] metrics PSNR=19.0081	SSIM=0.7610
2023-09-08 22:12:40,017 - EPOCH[0/50] metrics PSNR=19.0081	SSIM=0.7610
2023-09-08 22:30:07,257 - initialize network with xavier_uniform
2023-09-08 22:31:43,612 - EPOCH[0/50] metrics PSNR=10.1403	SSIM=0.3709
2023-09-08 22:36:32,549 - EPOCH[0/50] metrics PSNR=7.7314	SSIM=0.3907
2023-09-08 22:41:18,903 - EPOCH[0/50] metrics PSNR=10.1564	SSIM=0.4766
2023-09-08 22:46:08,565 - EPOCH[0/50] metrics PSNR=13.2429	SSIM=0.5827
2023-09-08 22:50:56,290 - EPOCH[0/50] metrics PSNR=12.9776	SSIM=0.5714
2023-09-08 22:55:43,709 - EPOCH[0/50] metrics PSNR=14.7752	SSIM=0.6194
2023-09-08 23:00:33,468 - EPOCH[0/50] metrics PSNR=16.3623	SSIM=0.6709
2023-09-08 23:05:20,866 - EPOCH[0/50] metrics PSNR=13.0222	SSIM=0.6078
2023-09-08 23:10:08,678 - EPOCH[0/50] metrics PSNR=17.1298	SSIM=0.7126
2023-09-08 23:14:54,303 - EPOCH[0/50] metrics PSNR=13.7091	SSIM=0.6287
2023-09-08 23:19:41,456 - EPOCH[0/50] metrics PSNR=19.1618	SSIM=0.7628
2023-09-08 23:24:33,052 - EPOCH[0/50] metrics PSNR=15.6404	SSIM=0.6636
2023-09-08 23:29:20,439 - EPOCH[0/50] metrics PSNR=17.9400	SSIM=0.7079
2023-09-08 23:34:09,113 - EPOCH[0/50] metrics PSNR=16.1310	SSIM=0.7357
2023-09-08 23:38:55,721 - EPOCH[0/50] metrics PSNR=16.9825	SSIM=0.7003
2023-09-08 23:43:41,000 - EPOCH[0/50] metrics PSNR=19.6365	SSIM=0.7465
2023-09-08 23:48:30,677 - EPOCH[0/50] metrics PSNR=18.2425	SSIM=0.7483
2023-09-08 23:53:17,934 - EPOCH[0/50] metrics PSNR=19.0284	SSIM=0.7707
2023-09-08 23:58:06,704 - EPOCH[0/50] metrics PSNR=18.7525	SSIM=0.7783
2023-09-09 00:02:53,883 - EPOCH[0/50] metrics PSNR=15.0419	SSIM=0.6493
2023-09-09 00:07:39,084 - EPOCH[0/50] metrics PSNR=14.1351	SSIM=0.6378
2023-09-09 00:12:28,375 - EPOCH[0/50] metrics PSNR=17.9304	SSIM=0.7467
2023-09-09 00:17:14,732 - EPOCH[0/50] metrics PSNR=16.0845	SSIM=0.6985
2023-09-09 00:22:03,605 - EPOCH[0/50] metrics PSNR=18.2378	SSIM=0.7296
2023-09-09 00:26:50,105 - EPOCH[0/50] metrics PSNR=19.4258	SSIM=0.7622
2023-09-09 00:31:36,260 - EPOCH[0/50] metrics PSNR=17.2476	SSIM=0.7434
2023-09-09 00:36:26,142 - EPOCH[0/50] metrics PSNR=19.0139	SSIM=0.7654
2023-09-09 00:41:13,006 - EPOCH[0/50] metrics PSNR=19.5925	SSIM=0.7995
2023-09-09 00:46:02,596 - EPOCH[0/50] metrics PSNR=18.0221	SSIM=0.7724
2023-09-09 00:50:49,574 - EPOCH[0/50] metrics PSNR=19.5008	SSIM=0.7782
2023-09-09 00:55:02,962 - EPOCH[0/50] END Taken 0.001866590976715088 min
2023-09-09 13:26:41,940 - initialize network with xavier_uniform
2023-09-09 13:28:00,711 - save checkpoint at ./output / f'epoch_000.pt'
2023-09-09 13:31:43,469 - save checkpoint at ./output\epoch_000.pt
2023-09-09 13:32:52,449 - initialize network with xavier_uniform
2023-09-09 13:33:52,712 - EPOCH[0/50] metrics PSNR=10.1403	SSIM=0.3709
2023-09-09 13:38:45,158 - EPOCH[0/50] metrics PSNR=7.6627	SSIM=0.4012
2023-09-09 13:43:31,722 - EPOCH[0/50] metrics PSNR=11.4870	SSIM=0.5222
2023-09-09 13:48:19,980 - EPOCH[0/50] metrics PSNR=11.2825	SSIM=0.5321
2023-09-09 13:53:07,410 - EPOCH[0/50] metrics PSNR=13.1805	SSIM=0.5748
2023-09-09 13:57:53,263 - EPOCH[0/50] metrics PSNR=15.3957	SSIM=0.6378
2023-09-09 14:02:42,779 - EPOCH[0/50] metrics PSNR=17.0477	SSIM=0.6882
2023-09-09 14:07:28,804 - EPOCH[0/50] metrics PSNR=14.9811	SSIM=0.6685
2023-09-09 14:12:16,559 - EPOCH[0/50] metrics PSNR=15.5467	SSIM=0.6781
2023-09-09 14:17:01,225 - EPOCH[0/50] metrics PSNR=15.3054	SSIM=0.6790
2023-09-09 14:21:48,687 - EPOCH[0/50] metrics PSNR=20.5078	SSIM=0.7600
2023-09-09 14:26:37,955 - EPOCH[0/50] metrics PSNR=16.0640	SSIM=0.6751
2023-09-09 14:31:23,968 - EPOCH[0/50] metrics PSNR=17.5963	SSIM=0.6956
2023-09-09 14:36:12,897 - EPOCH[0/50] metrics PSNR=18.3487	SSIM=0.7595
2023-09-09 14:41:00,114 - EPOCH[0/50] metrics PSNR=17.6622	SSIM=0.7093
2023-09-09 14:45:46,005 - EPOCH[0/50] metrics PSNR=19.5017	SSIM=0.7564
2023-09-09 14:50:35,292 - EPOCH[0/50] metrics PSNR=17.6698	SSIM=0.7308
2023-09-09 14:55:22,140 - EPOCH[0/50] metrics PSNR=18.8049	SSIM=0.7630
2023-09-09 15:00:12,046 - EPOCH[0/50] metrics PSNR=18.8630	SSIM=0.7737
2023-09-09 15:04:59,175 - EPOCH[0/50] metrics PSNR=14.6774	SSIM=0.6372
2023-09-09 15:09:45,469 - EPOCH[0/50] metrics PSNR=13.1251	SSIM=0.6299
2023-09-09 15:14:34,509 - EPOCH[0/50] metrics PSNR=19.1241	SSIM=0.7670
2023-09-09 15:19:20,555 - EPOCH[0/50] metrics PSNR=16.3345	SSIM=0.7013
2023-09-09 15:24:08,978 - EPOCH[0/50] metrics PSNR=19.1994	SSIM=0.7875
2023-09-09 15:28:54,052 - EPOCH[0/50] metrics PSNR=17.5586	SSIM=0.7079
2023-09-09 15:33:40,343 - EPOCH[0/50] metrics PSNR=17.4317	SSIM=0.7415
2023-09-09 15:38:29,372 - EPOCH[0/50] metrics PSNR=18.1800	SSIM=0.7502
2023-09-09 15:43:15,106 - EPOCH[0/50] metrics PSNR=16.6898	SSIM=0.7306
2023-09-09 15:48:04,487 - EPOCH[0/50] metrics PSNR=17.9789	SSIM=0.7565
2023-09-09 15:52:51,411 - EPOCH[0/50] metrics PSNR=20.0804	SSIM=0.7868
2023-09-09 15:57:02,328 - EPOCH[0/50] END Taken 0.0020458817481994627 min
2023-09-09 15:57:21,064 - EPOCH[1/50] metrics PSNR=18.0451	SSIM=0.7317
2023-09-09 15:57:53,903 - EPOCH[1/50] metrics PSNR=19.3086	SSIM=0.7615
2023-09-09 16:02:24,135 - EPOCH[1/50] metrics PSNR=17.6267	SSIM=0.7096
2023-09-09 16:07:09,605 - EPOCH[1/50] metrics PSNR=16.6777	SSIM=0.7015
2023-09-09 16:11:56,393 - EPOCH[1/50] metrics PSNR=17.8885	SSIM=0.7439
2023-09-09 16:16:40,065 - EPOCH[1/50] metrics PSNR=18.8491	SSIM=0.7444
2023-09-09 16:21:24,824 - EPOCH[1/50] metrics PSNR=17.1909	SSIM=0.7717
2023-09-09 16:26:11,945 - EPOCH[1/50] metrics PSNR=16.3448	SSIM=0.7127
2023-09-09 16:30:58,557 - EPOCH[1/50] metrics PSNR=20.3862	SSIM=0.7850
2023-09-09 16:35:46,907 - EPOCH[1/50] metrics PSNR=18.6068	SSIM=0.7500
2023-09-09 16:40:33,039 - EPOCH[1/50] metrics PSNR=18.8203	SSIM=0.7739
2023-09-09 16:45:19,439 - EPOCH[1/50] metrics PSNR=18.2243	SSIM=0.7513
2023-09-09 16:45:52,877 - EPOCH[1/50] metrics PSNR=19.6788	SSIM=0.7815
2023-09-09 16:50:25,161 - EPOCH[1/50] metrics PSNR=19.3101	SSIM=0.7775
2023-09-09 16:55:09,891 - EPOCH[1/50] metrics PSNR=17.6713	SSIM=0.7310
2023-09-09 16:59:56,147 - EPOCH[1/50] metrics PSNR=19.5907	SSIM=0.7750
2023-09-09 17:04:42,027 - EPOCH[1/50] metrics PSNR=18.0428	SSIM=0.7393
2023-09-09 17:09:28,365 - EPOCH[1/50] metrics PSNR=19.2704	SSIM=0.7771
2023-09-09 17:14:16,277 - EPOCH[1/50] metrics PSNR=18.9532	SSIM=0.7713
2023-09-09 17:19:00,857 - EPOCH[1/50] metrics PSNR=16.6913	SSIM=0.7262
2023-09-09 17:23:46,798 - EPOCH[1/50] metrics PSNR=19.5136	SSIM=0.7867
2023-09-09 17:28:35,698 - EPOCH[1/50] metrics PSNR=20.3286	SSIM=0.7863
2023-09-09 17:33:23,616 - EPOCH[1/50] metrics PSNR=19.4379	SSIM=0.7679
2023-09-09 17:33:57,048 - EPOCH[1/50] metrics PSNR=18.1772	SSIM=0.7383
2023-09-09 17:38:33,861 - EPOCH[1/50] metrics PSNR=20.1051	SSIM=0.7891
2023-09-09 17:43:20,395 - EPOCH[1/50] metrics PSNR=19.4376	SSIM=0.7796
2023-09-09 17:48:10,018 - EPOCH[1/50] metrics PSNR=20.0862	SSIM=0.7963
2023-09-09 17:52:58,003 - EPOCH[1/50] metrics PSNR=19.4911	SSIM=0.7770
2023-09-09 17:57:45,103 - EPOCH[1/50] metrics PSNR=20.5805	SSIM=0.8045
2023-09-09 18:02:34,157 - EPOCH[1/50] metrics PSNR=20.8528	SSIM=0.8092
2023-09-09 18:07:19,750 - EPOCH[1/50] metrics PSNR=20.0954	SSIM=0.8012
2023-09-09 18:12:07,827 - EPOCH[1/50] metrics PSNR=19.9372	SSIM=0.8009
2023-09-09 18:16:54,304 - EPOCH[1/50] metrics PSNR=18.2292	SSIM=0.7615
2023-09-09 18:21:03,795 - EPOCH[1/50] END Taken 0.001349957784016927 min
2023-09-09 18:21:22,093 - EPOCH[2/50] metrics PSNR=17.5708	SSIM=0.7503
2023-09-09 18:22:10,713 - EPOCH[2/50] metrics PSNR=20.0138	SSIM=0.7910
2023-09-09 18:26:25,151 - EPOCH[2/50] metrics PSNR=20.1276	SSIM=0.7964
2023-09-09 18:31:07,647 - EPOCH[2/50] metrics PSNR=19.7944	SSIM=0.7713
2023-09-09 18:35:53,946 - EPOCH[2/50] metrics PSNR=19.9495	SSIM=0.7998
2023-09-09 18:40:38,599 - EPOCH[2/50] metrics PSNR=19.5637	SSIM=0.7919
2023-09-09 18:45:22,901 - EPOCH[2/50] metrics PSNR=18.7029	SSIM=0.7692
2023-09-09 18:50:10,840 - EPOCH[2/50] metrics PSNR=19.3117	SSIM=0.7906
2023-09-09 18:54:54,901 - EPOCH[2/50] metrics PSNR=20.3996	SSIM=0.8035
2023-09-09 18:59:43,970 - EPOCH[2/50] metrics PSNR=19.0984	SSIM=0.7841
2023-09-09 19:04:27,803 - EPOCH[2/50] metrics PSNR=20.0918	SSIM=0.7897
2023-09-09 19:09:12,565 - EPOCH[2/50] metrics PSNR=21.0737	SSIM=0.8127
2023-09-09 19:10:02,060 - EPOCH[2/50] metrics PSNR=21.4876	SSIM=0.8230
2023-09-09 19:14:17,666 - EPOCH[2/50] metrics PSNR=20.5559	SSIM=0.7991
2023-09-09 19:19:03,430 - EPOCH[2/50] metrics PSNR=18.4672	SSIM=0.7562
2023-09-09 19:23:51,468 - EPOCH[2/50] metrics PSNR=20.8585	SSIM=0.8166
2023-09-09 19:28:37,219 - EPOCH[2/50] metrics PSNR=19.1747	SSIM=0.7604
2023-09-09 19:33:22,166 - EPOCH[2/50] metrics PSNR=19.5129	SSIM=0.7883
2023-09-09 19:38:09,350 - EPOCH[2/50] metrics PSNR=21.3478	SSIM=0.8264
2023-09-09 19:42:53,869 - EPOCH[2/50] metrics PSNR=20.2047	SSIM=0.7947
2023-09-09 19:47:41,220 - EPOCH[2/50] metrics PSNR=19.5331	SSIM=0.7840
2023-09-09 19:52:26,845 - EPOCH[2/50] metrics PSNR=20.3964	SSIM=0.8031
2023-09-09 19:57:13,337 - EPOCH[2/50] metrics PSNR=20.2014	SSIM=0.7997
2023-09-09 19:58:01,993 - EPOCH[2/50] metrics PSNR=20.5286	SSIM=0.8104
2023-09-09 20:02:18,533 - EPOCH[2/50] metrics PSNR=20.3729	SSIM=0.8117
2023-09-09 20:07:03,308 - EPOCH[2/50] metrics PSNR=20.7986	SSIM=0.8135
2023-09-09 20:11:50,739 - EPOCH[2/50] metrics PSNR=18.9826	SSIM=0.7869
2023-09-09 20:16:35,668 - EPOCH[2/50] metrics PSNR=20.6297	SSIM=0.8031
2023-09-09 20:21:21,253 - EPOCH[2/50] metrics PSNR=20.5300	SSIM=0.8089
2023-09-09 20:26:12,845 - EPOCH[2/50] metrics PSNR=20.2811	SSIM=0.7972
2023-09-09 20:30:59,552 - EPOCH[2/50] metrics PSNR=20.8197	SSIM=0.8092
2023-09-09 20:35:48,667 - EPOCH[2/50] metrics PSNR=21.2229	SSIM=0.8066
2023-09-09 20:40:34,844 - EPOCH[2/50] metrics PSNR=20.4058	SSIM=0.8048
2023-09-09 20:44:45,377 - EPOCH[2/50] END Taken 0.0013659000396728516 min
2023-09-09 20:45:04,056 - EPOCH[3/50] metrics PSNR=21.2136	SSIM=0.8196
2023-09-09 20:46:09,923 - EPOCH[3/50] metrics PSNR=20.5178	SSIM=0.8001
2023-09-09 20:50:08,666 - EPOCH[3/50] metrics PSNR=19.6349	SSIM=0.8031
2023-09-09 20:54:55,142 - EPOCH[3/50] metrics PSNR=20.9101	SSIM=0.8001
2023-09-09 20:59:43,347 - EPOCH[3/50] metrics PSNR=22.3898	SSIM=0.8429
2023-09-09 21:04:27,648 - EPOCH[3/50] metrics PSNR=21.0026	SSIM=0.8019
2023-09-09 21:09:13,353 - EPOCH[3/50] metrics PSNR=21.2121	SSIM=0.8116
2023-09-09 21:14:02,380 - EPOCH[3/50] metrics PSNR=21.8792	SSIM=0.8297
2023-09-09 21:18:46,217 - EPOCH[3/50] metrics PSNR=20.7879	SSIM=0.7945
2023-09-09 21:23:32,897 - EPOCH[3/50] metrics PSNR=20.4161	SSIM=0.8223
2023-09-09 21:28:20,481 - EPOCH[3/50] metrics PSNR=20.2883	SSIM=0.7922
2023-09-09 21:33:04,906 - EPOCH[3/50] metrics PSNR=20.3129	SSIM=0.7990
2023-09-09 21:34:09,581 - EPOCH[3/50] metrics PSNR=20.1373	SSIM=0.7836
2023-09-09 21:38:08,749 - EPOCH[3/50] metrics PSNR=20.3663	SSIM=0.7967
2023-09-09 21:42:54,318 - EPOCH[3/50] metrics PSNR=21.3842	SSIM=0.8261
2023-09-09 21:47:42,621 - EPOCH[3/50] metrics PSNR=21.3151	SSIM=0.8187
2023-09-09 21:52:28,004 - EPOCH[3/50] metrics PSNR=21.0984	SSIM=0.8140
2023-09-09 21:57:14,830 - EPOCH[3/50] metrics PSNR=21.4852	SSIM=0.8146
2023-09-09 22:02:03,726 - EPOCH[3/50] metrics PSNR=21.5120	SSIM=0.8198
2023-09-09 22:06:48,441 - EPOCH[3/50] metrics PSNR=20.5959	SSIM=0.8226
2023-09-09 22:11:37,976 - EPOCH[3/50] metrics PSNR=21.4033	SSIM=0.8222
2023-09-09 22:16:24,224 - EPOCH[3/50] metrics PSNR=21.6926	SSIM=0.8252
2023-09-09 22:21:09,492 - EPOCH[3/50] metrics PSNR=21.4048	SSIM=0.8238
2023-09-09 22:22:14,299 - EPOCH[3/50] metrics PSNR=21.6198	SSIM=0.8172
2023-09-09 22:26:14,004 - EPOCH[3/50] metrics PSNR=22.1797	SSIM=0.8377
2023-09-09 22:30:58,721 - EPOCH[3/50] metrics PSNR=21.6457	SSIM=0.8202
2023-09-09 22:35:47,482 - EPOCH[3/50] metrics PSNR=20.5489	SSIM=0.8077
2023-09-09 22:40:34,372 - EPOCH[3/50] metrics PSNR=21.5520	SSIM=0.8132
2023-09-09 22:45:20,511 - EPOCH[3/50] metrics PSNR=21.7657	SSIM=0.8134
2023-09-09 22:50:08,468 - EPOCH[3/50] metrics PSNR=22.9147	SSIM=0.8462
2023-09-09 22:54:54,577 - EPOCH[3/50] metrics PSNR=22.4216	SSIM=0.8434
2023-09-09 22:59:42,474 - EPOCH[3/50] metrics PSNR=21.3841	SSIM=0.8404
2023-09-09 23:04:28,003 - EPOCH[3/50] metrics PSNR=22.1774	SSIM=0.8190
2023-09-09 23:08:38,306 - EPOCH[3/50] END Taken 0.001366571585337321 min
2023-09-09 23:08:56,707 - EPOCH[4/50] metrics PSNR=22.2922	SSIM=0.8262
2023-09-09 23:10:17,405 - EPOCH[4/50] metrics PSNR=22.9916	SSIM=0.8543
2023-09-09 23:13:59,462 - EPOCH[4/50] metrics PSNR=21.8327	SSIM=0.8306
2023-09-09 23:18:41,229 - EPOCH[4/50] metrics PSNR=23.0359	SSIM=0.8429
2023-09-09 23:23:28,186 - EPOCH[4/50] metrics PSNR=22.5192	SSIM=0.8315
2023-09-09 23:28:13,028 - EPOCH[4/50] metrics PSNR=22.8296	SSIM=0.8385
2023-09-09 23:32:57,679 - EPOCH[4/50] metrics PSNR=22.5967	SSIM=0.8377
2023-09-09 23:37:42,149 - EPOCH[4/50] metrics PSNR=19.4806	SSIM=0.8050
2023-09-09 23:42:25,682 - EPOCH[4/50] metrics PSNR=22.1145	SSIM=0.8354
2023-09-09 23:47:12,037 - EPOCH[4/50] metrics PSNR=23.0154	SSIM=0.8458
2023-09-09 23:51:55,689 - EPOCH[4/50] metrics PSNR=21.8890	SSIM=0.8226
